<?xml version="1.0" encoding="UTF-8"?>
<!-- Generated by org.testng.reporters.JUnitXMLReporter -->
<testsuite ignored="0" hostname="PRATHAMs-MacBook-Air.local" failures="1" tests="8" name="Test" time="89.752" errors="0" timestamp="2024-03-15T23:15:33 IST">
  <testcase classname="com.book.testcases.HomePageTest" name="navigateToHomePage" time="0.027"/>
  <testcase classname="com.book.testcases.LoginPageTest" name="testLogin" time="8.114"/>
  <testcase classname="com.book.testcases.GiftCardTest" name="testGiftCard" time="3.007">
    <skipped/>
  </testcase> <!-- testGiftCard -->
  <testcase classname="com.book.testcases.GiftCardTest" name="testGiftCard" time="2.747">
    <skipped/>
  </testcase> <!-- testGiftCard -->
  <testcase classname="com.book.testcases.GiftCardTest" name="testGiftCard" time="2.714">
    <failure type="java.lang.AssertionError" message="expected [true] but found [false]">
      <![CDATA[java.lang.AssertionError: expected [true] but found [false]
at com.book.testcases.GiftCardTest.testGiftCard(GiftCardTest.java:59)
at java.base/java.util.ArrayList.forEach(ArrayList.java:1511)
... Removed 31 stack frames]]>
    </failure>
  </testcase> <!-- testGiftCard -->
  <testcase classname="com.book.testcases.GiftCardTest" name="giftCardHandlingError" time="18.021"/>
  <testcase classname="com.book.testcases.SearchTest" name="navigateToSearchTest" time="11.888"/>
  <testcase classname="com.book.testcases.WardrobeTest" name="wardrobeTest" time="10.162"/>
</testsuite> <!-- Test -->
