<?xml version="1.0" encoding="UTF-8"?>
<testng-results retried="2" ignored="0" total="8" passed="5" failed="1" skipped="0">
  <reporter-output>
  </reporter-output>
  <suite started-at="2024-03-15T23:14:03 IST" name="Suite" finished-at="2024-03-15T23:15:33 IST" duration-ms="89752">
    <groups>
    </groups>
    <test started-at="2024-03-15T23:14:03 IST" name="Test" finished-at="2024-03-15T23:15:33 IST" duration-ms="89752">
      <class name="com.book.testcases.WardrobeTest">
        <test-method is-config="true" signature="setUp()[pri:0, instance:com.book.testcases.WardrobeTest@1a75e76a]" started-at="2024-03-15T23:15:19 IST" name="setUp" finished-at="2024-03-15T23:15:23 IST" duration-ms="3535" status="PASS">
          <reporter-output>
          </reporter-output>
        </test-method> <!-- setUp -->
        <test-method signature="wardrobeTest()[pri:0, instance:com.book.testcases.WardrobeTest@1a75e76a]" started-at="2024-03-15T23:15:23 IST" name="wardrobeTest" finished-at="2024-03-15T23:15:33 IST" duration-ms="10162" status="PASS">
          <reporter-output>
          </reporter-output>
        </test-method> <!-- wardrobeTest -->
        <test-method is-config="true" signature="tearDown()[pri:0, instance:com.book.testcases.WardrobeTest@1a75e76a]" started-at="2024-03-15T23:15:33 IST" name="tearDown" finished-at="2024-03-15T23:15:33 IST" duration-ms="98" status="PASS">
          <reporter-output>
          </reporter-output>
        </test-method> <!-- tearDown -->
      </class> <!-- com.book.testcases.WardrobeTest -->
      <class name="com.book.testcases.GiftCardTest">
        <test-method is-config="true" signature="setUp()[pri:0, instance:com.book.testcases.GiftCardTest@273444fe]" started-at="2024-03-15T23:14:19 IST" name="setUp" finished-at="2024-03-15T23:14:25 IST" duration-ms="6144" status="PASS">
          <reporter-output>
          </reporter-output>
        </test-method> <!-- setUp -->
        <test-method retried="true" signature="testGiftCard()[pri:1, instance:com.book.testcases.GiftCardTest@273444fe]" started-at="2024-03-15T23:14:25 IST" name="testGiftCard" finished-at="2024-03-15T23:14:28 IST" duration-ms="3007" status="SKIP">
          <exception class="java.lang.AssertionError">
            <message>
              <![CDATA[expected [true] but found [false]]]>
            </message>
            <full-stacktrace>
              <![CDATA[java.lang.AssertionError: expected [true] but found [false]
at org.testng.Assert.fail(Assert.java:99)
at org.testng.Assert.failNotEquals(Assert.java:1037)
at org.testng.Assert.assertTrue(Assert.java:45)
at org.testng.Assert.assertTrue(Assert.java:55)
at com.book.testcases.GiftCardTest.testGiftCard(GiftCardTest.java:59)
at java.base/jdk.internal.reflect.NativeMethodAccessorImpl.invoke0(Native Method)
at java.base/jdk.internal.reflect.NativeMethodAccessorImpl.invoke(NativeMethodAccessorImpl.java:77)
at java.base/jdk.internal.reflect.DelegatingMethodAccessorImpl.invoke(DelegatingMethodAccessorImpl.java:43)
at java.base/java.lang.reflect.Method.invoke(Method.java:568)
at org.testng.internal.MethodInvocationHelper.invokeMethod(MethodInvocationHelper.java:133)
at org.testng.internal.TestInvoker.invokeMethod(TestInvoker.java:598)
at org.testng.internal.TestInvoker.invokeTestMethod(TestInvoker.java:173)
at org.testng.internal.MethodRunner.runInSequence(MethodRunner.java:46)
at org.testng.internal.TestInvoker$MethodInvocationAgent.invoke(TestInvoker.java:824)
at org.testng.internal.TestInvoker.invokeTestMethods(TestInvoker.java:146)
at org.testng.internal.TestMethodWorker.invokeTestMethods(TestMethodWorker.java:146)
at org.testng.internal.TestMethodWorker.run(TestMethodWorker.java:128)
at java.base/java.util.ArrayList.forEach(ArrayList.java:1511)
at org.testng.TestRunner.privateRun(TestRunner.java:794)
at org.testng.TestRunner.run(TestRunner.java:596)
at org.testng.SuiteRunner.runTest(SuiteRunner.java:377)
at org.testng.SuiteRunner.runSequentially(SuiteRunner.java:371)
at org.testng.SuiteRunner.privateRun(SuiteRunner.java:332)
at org.testng.SuiteRunner.run(SuiteRunner.java:276)
at org.testng.SuiteRunnerWorker.runSuite(SuiteRunnerWorker.java:53)
at org.testng.SuiteRunnerWorker.run(SuiteRunnerWorker.java:96)
at org.testng.TestNG.runSuitesSequentially(TestNG.java:1212)
at org.testng.TestNG.runSuitesLocally(TestNG.java:1134)
at org.testng.TestNG.runSuites(TestNG.java:1063)
at org.testng.TestNG.run(TestNG.java:1031)
at org.testng.remote.AbstractRemoteTestNG.run(AbstractRemoteTestNG.java:115)
at org.testng.remote.RemoteTestNG.initAndRun(RemoteTestNG.java:251)
at org.testng.remote.RemoteTestNG.main(RemoteTestNG.java:77)
]]>
            </full-stacktrace>
          </exception> <!-- java.lang.AssertionError -->
          <reporter-output>
          </reporter-output>
        </test-method> <!-- testGiftCard -->
        <test-method is-config="true" signature="tearDown()[pri:0, instance:com.book.testcases.GiftCardTest@273444fe]" started-at="2024-03-15T23:14:28 IST" name="tearDown" finished-at="2024-03-15T23:14:28 IST" duration-ms="94" status="PASS">
          <reporter-output>
          </reporter-output>
        </test-method> <!-- tearDown -->
        <test-method is-config="true" signature="setUp()[pri:0, instance:com.book.testcases.GiftCardTest@273444fe]" started-at="2024-03-15T23:14:28 IST" name="setUp" finished-at="2024-03-15T23:14:33 IST" duration-ms="4654" status="PASS">
          <reporter-output>
          </reporter-output>
        </test-method> <!-- setUp -->
        <test-method retried="true" signature="testGiftCard()[pri:1, instance:com.book.testcases.GiftCardTest@273444fe]" started-at="2024-03-15T23:14:33 IST" name="testGiftCard" finished-at="2024-03-15T23:14:36 IST" duration-ms="2747" status="SKIP">
          <exception class="java.lang.AssertionError">
            <message>
              <![CDATA[expected [true] but found [false]]]>
            </message>
            <full-stacktrace>
              <![CDATA[java.lang.AssertionError: expected [true] but found [false]
at org.testng.Assert.fail(Assert.java:99)
at org.testng.Assert.failNotEquals(Assert.java:1037)
at org.testng.Assert.assertTrue(Assert.java:45)
at org.testng.Assert.assertTrue(Assert.java:55)
at com.book.testcases.GiftCardTest.testGiftCard(GiftCardTest.java:59)
at java.base/jdk.internal.reflect.NativeMethodAccessorImpl.invoke0(Native Method)
at java.base/jdk.internal.reflect.NativeMethodAccessorImpl.invoke(NativeMethodAccessorImpl.java:77)
at java.base/jdk.internal.reflect.DelegatingMethodAccessorImpl.invoke(DelegatingMethodAccessorImpl.java:43)
at java.base/java.lang.reflect.Method.invoke(Method.java:568)
at org.testng.internal.MethodInvocationHelper.invokeMethod(MethodInvocationHelper.java:133)
at org.testng.internal.TestInvoker.invokeMethod(TestInvoker.java:598)
at org.testng.internal.TestInvoker.retryFailed(TestInvoker.java:213)
at org.testng.internal.MethodRunner.runInSequence(MethodRunner.java:58)
at org.testng.internal.TestInvoker$MethodInvocationAgent.invoke(TestInvoker.java:824)
at org.testng.internal.TestInvoker.invokeTestMethods(TestInvoker.java:146)
at org.testng.internal.TestMethodWorker.invokeTestMethods(TestMethodWorker.java:146)
at org.testng.internal.TestMethodWorker.run(TestMethodWorker.java:128)
at java.base/java.util.ArrayList.forEach(ArrayList.java:1511)
at org.testng.TestRunner.privateRun(TestRunner.java:794)
at org.testng.TestRunner.run(TestRunner.java:596)
at org.testng.SuiteRunner.runTest(SuiteRunner.java:377)
at org.testng.SuiteRunner.runSequentially(SuiteRunner.java:371)
at org.testng.SuiteRunner.privateRun(SuiteRunner.java:332)
at org.testng.SuiteRunner.run(SuiteRunner.java:276)
at org.testng.SuiteRunnerWorker.runSuite(SuiteRunnerWorker.java:53)
at org.testng.SuiteRunnerWorker.run(SuiteRunnerWorker.java:96)
at org.testng.TestNG.runSuitesSequentially(TestNG.java:1212)
at org.testng.TestNG.runSuitesLocally(TestNG.java:1134)
at org.testng.TestNG.runSuites(TestNG.java:1063)
at org.testng.TestNG.run(TestNG.java:1031)
at org.testng.remote.AbstractRemoteTestNG.run(AbstractRemoteTestNG.java:115)
at org.testng.remote.RemoteTestNG.initAndRun(RemoteTestNG.java:251)
at org.testng.remote.RemoteTestNG.main(RemoteTestNG.java:77)
]]>
            </full-stacktrace>
          </exception> <!-- java.lang.AssertionError -->
          <reporter-output>
          </reporter-output>
        </test-method> <!-- testGiftCard -->
        <test-method is-config="true" signature="tearDown()[pri:0, instance:com.book.testcases.GiftCardTest@273444fe]" started-at="2024-03-15T23:14:36 IST" name="tearDown" finished-at="2024-03-15T23:14:36 IST" duration-ms="91" status="PASS">
          <reporter-output>
          </reporter-output>
        </test-method> <!-- tearDown -->
        <test-method is-config="true" signature="setUp()[pri:0, instance:com.book.testcases.GiftCardTest@273444fe]" started-at="2024-03-15T23:14:36 IST" name="setUp" finished-at="2024-03-15T23:14:40 IST" duration-ms="4008" status="PASS">
          <reporter-output>
          </reporter-output>
        </test-method> <!-- setUp -->
        <test-method signature="testGiftCard()[pri:1, instance:com.book.testcases.GiftCardTest@273444fe]" started-at="2024-03-15T23:14:40 IST" name="testGiftCard" finished-at="2024-03-15T23:14:43 IST" duration-ms="2714" status="FAIL">
          <exception class="java.lang.AssertionError">
            <message>
              <![CDATA[expected [true] but found [false]]]>
            </message>
            <full-stacktrace>
              <![CDATA[java.lang.AssertionError: expected [true] but found [false]
at org.testng.Assert.fail(Assert.java:99)
at org.testng.Assert.failNotEquals(Assert.java:1037)
at org.testng.Assert.assertTrue(Assert.java:45)
at org.testng.Assert.assertTrue(Assert.java:55)
at com.book.testcases.GiftCardTest.testGiftCard(GiftCardTest.java:59)
at java.base/jdk.internal.reflect.NativeMethodAccessorImpl.invoke0(Native Method)
at java.base/jdk.internal.reflect.NativeMethodAccessorImpl.invoke(NativeMethodAccessorImpl.java:77)
at java.base/jdk.internal.reflect.DelegatingMethodAccessorImpl.invoke(DelegatingMethodAccessorImpl.java:43)
at java.base/java.lang.reflect.Method.invoke(Method.java:568)
at org.testng.internal.MethodInvocationHelper.invokeMethod(MethodInvocationHelper.java:133)
at org.testng.internal.TestInvoker.invokeMethod(TestInvoker.java:598)
at org.testng.internal.TestInvoker.retryFailed(TestInvoker.java:213)
at org.testng.internal.MethodRunner.runInSequence(MethodRunner.java:58)
at org.testng.internal.TestInvoker$MethodInvocationAgent.invoke(TestInvoker.java:824)
at org.testng.internal.TestInvoker.invokeTestMethods(TestInvoker.java:146)
at org.testng.internal.TestMethodWorker.invokeTestMethods(TestMethodWorker.java:146)
at org.testng.internal.TestMethodWorker.run(TestMethodWorker.java:128)
at java.base/java.util.ArrayList.forEach(ArrayList.java:1511)
at org.testng.TestRunner.privateRun(TestRunner.java:794)
at org.testng.TestRunner.run(TestRunner.java:596)
at org.testng.SuiteRunner.runTest(SuiteRunner.java:377)
at org.testng.SuiteRunner.runSequentially(SuiteRunner.java:371)
at org.testng.SuiteRunner.privateRun(SuiteRunner.java:332)
at org.testng.SuiteRunner.run(SuiteRunner.java:276)
at org.testng.SuiteRunnerWorker.runSuite(SuiteRunnerWorker.java:53)
at org.testng.SuiteRunnerWorker.run(SuiteRunnerWorker.java:96)
at org.testng.TestNG.runSuitesSequentially(TestNG.java:1212)
at org.testng.TestNG.runSuitesLocally(TestNG.java:1134)
at org.testng.TestNG.runSuites(TestNG.java:1063)
at org.testng.TestNG.run(TestNG.java:1031)
at org.testng.remote.AbstractRemoteTestNG.run(AbstractRemoteTestNG.java:115)
at org.testng.remote.RemoteTestNG.initAndRun(RemoteTestNG.java:251)
at org.testng.remote.RemoteTestNG.main(RemoteTestNG.java:77)
]]>
            </full-stacktrace>
          </exception> <!-- java.lang.AssertionError -->
          <reporter-output>
          </reporter-output>
        </test-method> <!-- testGiftCard -->
        <test-method is-config="true" signature="tearDown()[pri:0, instance:com.book.testcases.GiftCardTest@273444fe]" started-at="2024-03-15T23:14:43 IST" name="tearDown" finished-at="2024-03-15T23:14:43 IST" duration-ms="94" status="PASS">
          <reporter-output>
          </reporter-output>
        </test-method> <!-- tearDown -->
        <test-method is-config="true" signature="setUp()[pri:0, instance:com.book.testcases.GiftCardTest@273444fe]" started-at="2024-03-15T23:14:43 IST" name="setUp" finished-at="2024-03-15T23:14:47 IST" duration-ms="4623" status="PASS">
          <reporter-output>
          </reporter-output>
        </test-method> <!-- setUp -->
        <test-method signature="giftCardHandlingError()[pri:2, instance:com.book.testcases.GiftCardTest@273444fe]" started-at="2024-03-15T23:14:47 IST" name="giftCardHandlingError" finished-at="2024-03-15T23:15:06 IST" duration-ms="18021" status="PASS">
          <reporter-output>
          </reporter-output>
        </test-method> <!-- giftCardHandlingError -->
        <test-method is-config="true" signature="tearDown()[pri:0, instance:com.book.testcases.GiftCardTest@273444fe]" started-at="2024-03-15T23:15:06 IST" name="tearDown" finished-at="2024-03-15T23:15:06 IST" duration-ms="102" status="PASS">
          <reporter-output>
          </reporter-output>
        </test-method> <!-- tearDown -->
      </class> <!-- com.book.testcases.GiftCardTest -->
      <class name="com.book.testcases.SearchTest">
        <test-method is-config="true" signature="setUp()[pri:0, instance:com.book.testcases.SearchTest@33bc72d1]" started-at="2024-03-15T23:15:06 IST" name="setUp" finished-at="2024-03-15T23:15:07 IST" duration-ms="1589" status="PASS">
          <reporter-output>
          </reporter-output>
        </test-method> <!-- setUp -->
        <test-method signature="navigateToSearchTest()[pri:0, instance:com.book.testcases.SearchTest@33bc72d1]" started-at="2024-03-15T23:15:07 IST" name="navigateToSearchTest" finished-at="2024-03-15T23:15:19 IST" duration-ms="11888" status="PASS">
          <reporter-output>
          </reporter-output>
        </test-method> <!-- navigateToSearchTest -->
        <test-method is-config="true" signature="tearDown()[pri:0, instance:com.book.testcases.SearchTest@33bc72d1]" started-at="2024-03-15T23:15:19 IST" name="tearDown" finished-at="2024-03-15T23:15:19 IST" duration-ms="97" status="PASS">
          <reporter-output>
          </reporter-output>
        </test-method> <!-- tearDown -->
      </class> <!-- com.book.testcases.SearchTest -->
      <class name="com.book.testcases.HomePageTest">
        <test-method is-config="true" signature="setUp()[pri:0, instance:com.book.testcases.HomePageTest@202b0582]" started-at="2024-03-15T23:14:03 IST" name="setUp" finished-at="2024-03-15T23:14:08 IST" duration-ms="4626" status="PASS">
          <reporter-output>
          </reporter-output>
        </test-method> <!-- setUp -->
        <test-method signature="navigateToHomePage()[pri:0, instance:com.book.testcases.HomePageTest@202b0582]" started-at="2024-03-15T23:14:08 IST" name="navigateToHomePage" finished-at="2024-03-15T23:14:08 IST" duration-ms="27" status="PASS">
          <reporter-output>
          </reporter-output>
        </test-method> <!-- navigateToHomePage -->
        <test-method is-config="true" signature="tearDown()[pri:0, instance:com.book.testcases.HomePageTest@202b0582]" started-at="2024-03-15T23:14:08 IST" name="tearDown" finished-at="2024-03-15T23:14:08 IST" duration-ms="91" status="PASS">
          <reporter-output>
          </reporter-output>
        </test-method> <!-- tearDown -->
      </class> <!-- com.book.testcases.HomePageTest -->
      <class name="com.book.testcases.LoginPageTest">
        <test-method is-config="true" signature="setUp()[pri:0, instance:com.book.testcases.LoginPageTest@16eb3ea3]" started-at="2024-03-15T23:14:08 IST" name="setUp" finished-at="2024-03-15T23:14:11 IST" duration-ms="3034" status="PASS">
          <reporter-output>
          </reporter-output>
        </test-method> <!-- setUp -->
        <test-method signature="testLogin()[pri:0, instance:com.book.testcases.LoginPageTest@16eb3ea3]" started-at="2024-03-15T23:14:11 IST" name="testLogin" finished-at="2024-03-15T23:14:19 IST" duration-ms="8114" status="PASS">
          <reporter-output>
          </reporter-output>
        </test-method> <!-- testLogin -->
        <test-method is-config="true" signature="tearDown()[pri:0, instance:com.book.testcases.LoginPageTest@16eb3ea3]" started-at="2024-03-15T23:14:19 IST" name="tearDown" finished-at="2024-03-15T23:14:19 IST" duration-ms="0" status="PASS">
          <reporter-output>
          </reporter-output>
        </test-method> <!-- tearDown -->
      </class> <!-- com.book.testcases.LoginPageTest -->
    </test> <!-- Test -->
  </suite> <!-- Suite -->
</testng-results>
